<?xml version="1.0" encoding="UTF-8"?>
<testng-results skipped="0" failed="1" ignored="0" total="7" passed="6">
  <reporter-output>
  </reporter-output>
  <suite name="Suite" duration-ms="36429" started-at="2022-11-29T10:11:01 EST" finished-at="2022-11-29T10:11:38 EST">
    <groups>
    </groups>
    <test name="Test" duration-ms="36429" started-at="2022-11-29T10:11:01 EST" finished-at="2022-11-29T10:11:38 EST">
      <class name="com.H2K.TestCases.TC_Loging_001">
        <test-method status="PASS" signature="setup()[pri:0, instance:com.H2K.TestCases.TC_Loging_001@6d3af739]" name="setup" is-config="true" duration-ms="5155" started-at="2022-11-29T10:11:02 EST" finished-at="2022-11-29T10:11:07 EST">
          <reporter-output>
          </reporter-output>
        </test-method> <!-- setup -->
        <test-method status="PASS" signature="logingTest(java.lang.String,java.lang.String)[pri:0, instance:com.H2K.TestCases.TC_Loging_001@6d3af739]" name="logingTest" duration-ms="1882" started-at="2022-11-29T10:11:07 EST" data-provider="data" finished-at="2022-11-29T10:11:09 EST">
          <params>
            <param index="0">
              <value>
                <![CDATA[mngr456570]]>
              </value>
            </param>
            <param index="1">
              <value>
                <![CDATA[UjAhAgE]]>
              </value>
            </param>
          </params>
          <reporter-output>
          </reporter-output>
        </test-method> <!-- logingTest -->
        <test-method status="PASS" signature="logingTest(java.lang.String,java.lang.String)[pri:0, instance:com.H2K.TestCases.TC_Loging_001@6d3af739]" name="logingTest" duration-ms="2343" started-at="2022-11-29T10:11:09 EST" data-provider="data" finished-at="2022-11-29T10:11:12 EST">
          <params>
            <param index="0">
              <value>
                <![CDATA[mngr456570]]>
              </value>
            </param>
            <param index="1">
              <value>
                <![CDATA[UjAhAgE]]>
              </value>
            </param>
          </params>
          <reporter-output>
          </reporter-output>
        </test-method> <!-- logingTest -->
        <test-method status="PASS" signature="logingTest(java.lang.String,java.lang.String)[pri:0, instance:com.H2K.TestCases.TC_Loging_001@6d3af739]" name="logingTest" duration-ms="1889" started-at="2022-11-29T10:11:12 EST" data-provider="data" finished-at="2022-11-29T10:11:13 EST">
          <params>
            <param index="0">
              <value>
                <![CDATA[mngr456570]]>
              </value>
            </param>
            <param index="1">
              <value>
                <![CDATA[UjAhAgE]]>
              </value>
            </param>
          </params>
          <reporter-output>
          </reporter-output>
        </test-method> <!-- logingTest -->
        <test-method status="PASS" signature="logingTest(java.lang.String,java.lang.String)[pri:0, instance:com.H2K.TestCases.TC_Loging_001@6d3af739]" name="logingTest" duration-ms="1867" started-at="2022-11-29T10:11:13 EST" data-provider="data" finished-at="2022-11-29T10:11:15 EST">
          <params>
            <param index="0">
              <value>
                <![CDATA[1234u]]>
              </value>
            </param>
            <param index="1">
              <value>
                <![CDATA[asfrryg]]>
              </value>
            </param>
          </params>
          <reporter-output>
          </reporter-output>
        </test-method> <!-- logingTest -->
        <test-method status="PASS" signature="logingTest(java.lang.String,java.lang.String)[pri:0, instance:com.H2K.TestCases.TC_Loging_001@6d3af739]" name="logingTest" duration-ms="1841" started-at="2022-11-29T10:11:15 EST" data-provider="data" finished-at="2022-11-29T10:11:17 EST">
          <params>
            <param index="0">
              <value>
                <![CDATA[mngr456570]]>
              </value>
            </param>
            <param index="1">
              <value>
                <![CDATA[UjAhAgE]]>
              </value>
            </param>
          </params>
          <reporter-output>
          </reporter-output>
        </test-method> <!-- logingTest -->
        <test-method status="FAIL" signature="validatetest()[pri:1, instance:com.H2K.TestCases.TC_Loging_001@6d3af739]" name="validatetest" duration-ms="5" started-at="2022-11-29T10:11:17 EST" finished-at="2022-11-29T10:11:17 EST">
          <exception class="java.lang.AssertionError">
            <message>
              <![CDATA[expected [false] but found [true]]]>
            </message>
            <full-stacktrace>
              <![CDATA[java.lang.AssertionError: expected [false] but found [true]
at org.testng.Assert.fail(Assert.java:110)
at org.testng.Assert.failNotEquals(Assert.java:1413)
at org.testng.Assert.assertEqualsImpl(Assert.java:149)
at org.testng.Assert.assertEquals(Assert.java:131)
at org.testng.Assert.assertEquals(Assert.java:976)
at org.testng.Assert.assertEquals(Assert.java:1010)
at com.H2K.TestCases.TC_Loging_001.validatetest(TC_Loging_001.java:31)
at sun.reflect.NativeMethodAccessorImpl.invoke0(Native Method)
at sun.reflect.NativeMethodAccessorImpl.invoke(NativeMethodAccessorImpl.java:62)
at sun.reflect.DelegatingMethodAccessorImpl.invoke(DelegatingMethodAccessorImpl.java:43)
at java.lang.reflect.Method.invoke(Method.java:498)
at org.testng.internal.invokers.MethodInvocationHelper.invokeMethod(MethodInvocationHelper.java:135)
at org.testng.internal.invokers.TestInvoker.invokeMethod(TestInvoker.java:673)
at org.testng.internal.invokers.TestInvoker.invokeTestMethod(TestInvoker.java:220)
at org.testng.internal.invokers.MethodRunner.runInSequence(MethodRunner.java:50)
at org.testng.internal.invokers.TestInvoker$MethodInvocationAgent.invoke(TestInvoker.java:945)
at org.testng.internal.invokers.TestInvoker.invokeTestMethods(TestInvoker.java:193)
at org.testng.internal.invokers.TestMethodWorker.invokeTestMethods(TestMethodWorker.java:146)
at org.testng.internal.invokers.TestMethodWorker.run(TestMethodWorker.java:128)
at java.util.ArrayList.forEach(ArrayList.java:1257)
at org.testng.TestRunner.privateRun(TestRunner.java:808)
at org.testng.TestRunner.run(TestRunner.java:603)
at org.testng.SuiteRunner.runTest(SuiteRunner.java:429)
at org.testng.SuiteRunner.runSequentially(SuiteRunner.java:423)
at org.testng.SuiteRunner.privateRun(SuiteRunner.java:383)
at org.testng.SuiteRunner.run(SuiteRunner.java:326)
at org.testng.SuiteRunnerWorker.runSuite(SuiteRunnerWorker.java:52)
at org.testng.SuiteRunnerWorker.run(SuiteRunnerWorker.java:95)
at org.testng.TestNG.runSuitesSequentially(TestNG.java:1249)
at org.testng.TestNG.runSuitesLocally(TestNG.java:1169)
at org.testng.TestNG.runSuites(TestNG.java:1092)
at org.testng.TestNG.run(TestNG.java:1060)
at org.testng.remote.AbstractRemoteTestNG.run(AbstractRemoteTestNG.java:115)
at org.testng.remote.RemoteTestNG.initAndRun(RemoteTestNG.java:251)
at org.testng.remote.RemoteTestNG.main(RemoteTestNG.java:77)
]]>
            </full-stacktrace>
          </exception> <!-- java.lang.AssertionError -->
          <reporter-output>
          </reporter-output>
        </test-method> <!-- validatetest -->
        <test-method status="PASS" signature="tearDown()[pri:0, instance:com.H2K.TestCases.TC_Loging_001@6d3af739]" name="tearDown" is-config="true" duration-ms="16280" started-at="2022-11-29T10:11:17 EST" finished-at="2022-11-29T10:11:33 EST">
          <reporter-output>
          </reporter-output>
        </test-method> <!-- tearDown -->
      </class> <!-- com.H2K.TestCases.TC_Loging_001 -->
      <class name="com.H2K.TestCases.TC_Landing_002">
        <test-method status="PASS" signature="setup()[pri:0, instance:com.H2K.TestCases.TC_Landing_002@15b3e5b]" name="setup" is-config="true" duration-ms="2357" started-at="2022-11-29T10:11:33 EST" finished-at="2022-11-29T10:11:36 EST">
          <reporter-output>
          </reporter-output>
        </test-method> <!-- setup -->
        <test-method status="PASS" signature="landing()[pri:0, instance:com.H2K.TestCases.TC_Landing_002@15b3e5b]" name="landing" duration-ms="1977" started-at="2022-11-29T10:11:36 EST" finished-at="2022-11-29T10:11:38 EST">
          <reporter-output>
          </reporter-output>
        </test-method> <!-- landing -->
        <test-method status="PASS" signature="tearDown()[pri:0, instance:com.H2K.TestCases.TC_Landing_002@15b3e5b]" name="tearDown" is-config="true" duration-ms="74" started-at="2022-11-29T10:11:38 EST" finished-at="2022-11-29T10:11:38 EST">
          <reporter-output>
          </reporter-output>
        </test-method> <!-- tearDown -->
      </class> <!-- com.H2K.TestCases.TC_Landing_002 -->
    </test> <!-- Test -->
  </suite> <!-- Suite -->
</testng-results>
